c:\users\ruizhao\desktop\2019 final go\comp 4411\projects\04 animator\versions\comp4411p4\release\vc141.pdb
c:\users\ruizhao\desktop\2019 final go\comp 4411\projects\04 animator\versions\comp4411p4\release\rulerwindow.obj
c:\users\ruizhao\desktop\2019 final go\comp 4411\projects\04 animator\versions\comp4411p4\release\rect.obj
c:\users\ruizhao\desktop\2019 final go\comp 4411\projects\04 animator\versions\comp4411p4\release\indicatorwindow.obj
c:\users\ruizhao\desktop\2019 final go\comp 4411\projects\04 animator\versions\comp4411p4\release\graphwidget.obj
c:\users\ruizhao\desktop\2019 final go\comp 4411\projects\04 animator\versions\comp4411p4\release\pointobj.obj
c:\users\ruizhao\desktop\2019 final go\comp 4411\projects\04 animator\versions\comp4411p4\release\point.obj
c:\users\ruizhao\desktop\2019 final go\comp 4411\projects\04 animator\versions\comp4411p4\release\particlesystem.obj
c:\users\ruizhao\desktop\2019 final go\comp 4411\projects\04 animator\versions\comp4411p4\release\particle.obj
c:\users\ruizhao\desktop\2019 final go\comp 4411\projects\04 animator\versions\comp4411p4\release\bitmap.obj
c:\users\ruizhao\desktop\2019 final go\comp 4411\projects\04 animator\versions\comp4411p4\release\robotarm.obj
c:\users\ruizhao\desktop\2019 final go\comp 4411\projects\04 animator\versions\comp4411p4\release\modelerview.obj
c:\users\ruizhao\desktop\2019 final go\comp 4411\projects\04 animator\versions\comp4411p4\release\modeleruiwindows.obj
c:\users\ruizhao\desktop\2019 final go\comp 4411\projects\04 animator\versions\comp4411p4\release\modelerui.obj
c:\users\ruizhao\desktop\2019 final go\comp 4411\projects\04 animator\versions\comp4411p4\release\modelerdraw.obj
c:\users\ruizhao\desktop\2019 final go\comp 4411\projects\04 animator\versions\comp4411p4\release\modelerapp.obj
c:\users\ruizhao\desktop\2019 final go\comp 4411\projects\04 animator\versions\comp4411p4\release\camera.obj
c:\users\ruizhao\desktop\2019 final go\comp 4411\projects\04 animator\versions\comp4411p4\release\linearcurveevaluator.obj
c:\users\ruizhao\desktop\2019 final go\comp 4411\projects\04 animator\versions\comp4411p4\release\curveevaluator.obj
c:\users\ruizhao\desktop\2019 final go\comp 4411\projects\04 animator\versions\comp4411p4\release\curve.obj
c:\users\ruizhao\desktop\2019 final go\comp 4411\projects\04 animator\versions\comp4411p4\release\animator.pdb
c:\users\ruizhao\desktop\2019 final go\comp 4411\projects\04 animator\versions\comp4411p4\release\vc140.pdb
c:\users\ruizhao\desktop\2019 final go\comp 4411\projects\04 animator\versions\comp4411p4\release\modeler.tlog\cl.command.1.tlog
c:\users\ruizhao\desktop\2019 final go\comp 4411\projects\04 animator\versions\comp4411p4\release\modeler.tlog\cl.read.1.tlog
c:\users\ruizhao\desktop\2019 final go\comp 4411\projects\04 animator\versions\comp4411p4\release\modeler.tlog\cl.write.1.tlog
c:\users\ruizhao\desktop\2019 final go\comp 4411\projects\04 animator\versions\comp4411p4\release\modeler.tlog\link.4280-cvtres.read.1.tlog
c:\users\ruizhao\desktop\2019 final go\comp 4411\projects\04 animator\versions\comp4411p4\release\modeler.tlog\link.4280-cvtres.write.1.tlog
c:\users\ruizhao\desktop\2019 final go\comp 4411\projects\04 animator\versions\comp4411p4\release\modeler.tlog\link.4280-rc.read.1.tlog
c:\users\ruizhao\desktop\2019 final go\comp 4411\projects\04 animator\versions\comp4411p4\release\modeler.tlog\link.4280-rc.write.1.tlog
c:\users\ruizhao\desktop\2019 final go\comp 4411\projects\04 animator\versions\comp4411p4\release\modeler.tlog\link.4280.read.1.tlog
c:\users\ruizhao\desktop\2019 final go\comp 4411\projects\04 animator\versions\comp4411p4\release\modeler.tlog\link.4280.write.1.tlog
c:\users\ruizhao\desktop\2019 final go\comp 4411\projects\04 animator\versions\comp4411p4\release\modeler.tlog\link.command.1.tlog
c:\users\ruizhao\desktop\2019 final go\comp 4411\projects\04 animator\versions\comp4411p4\release\modeler.tlog\link.read.1.tlog
c:\users\ruizhao\desktop\2019 final go\comp 4411\projects\04 animator\versions\comp4411p4\release\modeler.tlog\link.write.1.tlog
